<?xml version="1.0" encoding="UTF-8"?>
<testsuite xmlns:xsi="http://www.w3.org/2001/XMLSchema-instance" xsi:noNamespaceSchemaLocation="https://maven.apache.org/surefire/maven-surefire-plugin/xsd/surefire-test-report.xsd" name="gov.iti.jets.AppTest" time="0.062" tests="1" errors="0" skipped="0" failures="0">
  <properties>
    <property name="java.specification.version" value="17"/>
    <property name="sun.cpu.isalist" value="amd64"/>
    <property name="sun.jnu.encoding" value="Cp1252"/>
    <property name="java.class.path" value="C:\Users\Sara Adel\Desktop\talkie\server\target\test-classes;C:\Users\Sara Adel\Desktop\talkie\server\target\classes;C:\Users\Sara Adel\.m2\repository\com\mysql\mysql-connector-j\8.0.31\mysql-connector-j-8.0.31.jar;C:\Users\Sara Adel\.m2\repository\com\google\protobuf\protobuf-java\3.19.4\protobuf-java-3.19.4.jar;C:\Users\Sara Adel\.m2\repository\org\openjfx\javafx-fxml\20-ea+11\javafx-fxml-20-ea+11.jar;C:\Users\Sara Adel\.m2\repository\org\openjfx\javafx-fxml\20-ea+11\javafx-fxml-20-ea+11-win.jar;C:\Users\Sara Adel\.m2\repository\org\openjfx\javafx-controls\20-ea+11\javafx-controls-20-ea+11.jar;C:\Users\Sara Adel\.m2\repository\org\openjfx\javafx-controls\20-ea+11\javafx-controls-20-ea+11-win.jar;C:\Users\Sara Adel\.m2\repository\org\openjfx\javafx-graphics\20-ea+11\javafx-graphics-20-ea+11.jar;C:\Users\Sara Adel\.m2\repository\org\openjfx\javafx-graphics\20-ea+11\javafx-graphics-20-ea+11-win.jar;C:\Users\Sara Adel\.m2\repository\org\openjfx\javafx-base\20-ea+11\javafx-base-20-ea+11.jar;C:\Users\Sara Adel\.m2\repository\org\openjfx\javafx-base\20-ea+11\javafx-base-20-ea+11-win.jar;C:\Users\Sara Adel\.m2\repository\junit\junit\4.11\junit-4.11.jar;C:\Users\Sara Adel\.m2\repository\org\hamcrest\hamcrest-core\1.3\hamcrest-core-1.3.jar;"/>
    <property name="java.vm.vendor" value="Oracle Corporation"/>
    <property name="sun.arch.data.model" value="64"/>
    <property name="user.variant" value=""/>
    <property name="java.vendor.url" value="https://java.oracle.com/"/>
    <property name="user.timezone" value="Africa/Cairo"/>
    <property name="os.name" value="Windows 10"/>
    <property name="java.vm.specification.version" value="17"/>
    <property name="sun.java.launcher" value="SUN_STANDARD"/>
    <property name="user.country" value="US"/>
    <property name="sun.boot.library.path" value="C:\Program Files\Java\jdk-17.0.5\bin"/>
    <property name="sun.java.command" value="C:\Users\SARAAD~1\AppData\Local\Temp\surefire14508589718721345108\surefirebooter10601422393028966102.jar C:\Users\Sara Adel\AppData\Local\Temp\surefire14508589718721345108 2023-10-15T07-37-41_286-jvmRun1 surefire16286762557570863988tmp surefire_012411729517544083752tmp"/>
    <property name="jdk.debug" value="release"/>
    <property name="surefire.test.class.path" value="C:\Users\Sara Adel\Desktop\talkie\server\target\test-classes;C:\Users\Sara Adel\Desktop\talkie\server\target\classes;C:\Users\Sara Adel\.m2\repository\com\mysql\mysql-connector-j\8.0.31\mysql-connector-j-8.0.31.jar;C:\Users\Sara Adel\.m2\repository\com\google\protobuf\protobuf-java\3.19.4\protobuf-java-3.19.4.jar;C:\Users\Sara Adel\.m2\repository\org\openjfx\javafx-fxml\20-ea+11\javafx-fxml-20-ea+11.jar;C:\Users\Sara Adel\.m2\repository\org\openjfx\javafx-fxml\20-ea+11\javafx-fxml-20-ea+11-win.jar;C:\Users\Sara Adel\.m2\repository\org\openjfx\javafx-controls\20-ea+11\javafx-controls-20-ea+11.jar;C:\Users\Sara Adel\.m2\repository\org\openjfx\javafx-controls\20-ea+11\javafx-controls-20-ea+11-win.jar;C:\Users\Sara Adel\.m2\repository\org\openjfx\javafx-graphics\20-ea+11\javafx-graphics-20-ea+11.jar;C:\Users\Sara Adel\.m2\repository\org\openjfx\javafx-graphics\20-ea+11\javafx-graphics-20-ea+11-win.jar;C:\Users\Sara Adel\.m2\repository\org\openjfx\javafx-base\20-ea+11\javafx-base-20-ea+11.jar;C:\Users\Sara Adel\.m2\repository\org\openjfx\javafx-base\20-ea+11\javafx-base-20-ea+11-win.jar;C:\Users\Sara Adel\.m2\repository\junit\junit\4.11\junit-4.11.jar;C:\Users\Sara Adel\.m2\repository\org\hamcrest\hamcrest-core\1.3\hamcrest-core-1.3.jar;"/>
    <property name="sun.cpu.endian" value="little"/>
    <property name="user.home" value="C:\Users\Sara Adel"/>
    <property name="user.language" value="en"/>
    <property name="java.specification.vendor" value="Oracle Corporation"/>
    <property name="java.version.date" value="2022-10-18"/>
    <property name="java.home" value="C:\Program Files\Java\jdk-17.0.5"/>
    <property name="file.separator" value="\"/>
    <property name="basedir" value="C:\Users\Sara Adel\Desktop\talkie\server"/>
    <property name="java.vm.compressedOopsMode" value="Zero based"/>
    <property name="line.separator" value="&#10;"/>
    <property name="java.vm.specification.vendor" value="Oracle Corporation"/>
    <property name="java.specification.name" value="Java Platform API Specification"/>
    <property name="surefire.real.class.path" value="C:\Users\SARAAD~1\AppData\Local\Temp\surefire14508589718721345108\surefirebooter10601422393028966102.jar"/>
    <property name="user.script" value=""/>
    <property name="sun.management.compiler" value="HotSpot 64-Bit Tiered Compilers"/>
    <property name="java.runtime.version" value="17.0.5+9-LTS-191"/>
    <property name="user.name" value="Sara Adel"/>
    <property name="path.separator" value=";"/>
    <property name="os.version" value="10.0"/>
    <property name="java.runtime.name" value="Java(TM) SE Runtime Environment"/>
    <property name="file.encoding" value="Cp1252"/>
    <property name="java.vm.name" value="Java HotSpot(TM) 64-Bit Server VM"/>
    <property name="localRepository" value="C:\Users\Sara Adel\.m2\repository"/>
    <property name="java.vendor.url.bug" value="https://bugreport.java.com/bugreport/"/>
    <property name="java.io.tmpdir" value="C:\Users\SARAAD~1\AppData\Local\Temp\"/>
    <property name="java.version" value="17.0.5"/>
    <property name="user.dir" value="C:\Users\Sara Adel\Desktop\talkie\server"/>
    <property name="os.arch" value="amd64"/>
    <property name="java.vm.specification.name" value="Java Virtual Machine Specification"/>
    <property name="sun.os.patch.level" value=""/>
    <property name="native.encoding" value="Cp1252"/>
    <property name="java.library.path" value="C:\Program Files\Java\jdk-17.0.5\bin;C:\Windows\Sun\Java\bin;C:\Windows\system32;C:\Windows;C:\Program Files\Common Files\Oracle\Java\javapath;C:\app\dbhomeXE\bin;C:\Program Files (x86)\VMware\VMware Workstation\bin\;C:\Windows\system32;C:\Windows;C:\Windows\System32\Wbem;C:\Windows\System32\WindowsPowerShell\v1.0\;C:\Windows\System32\OpenSSH\;C:\Program Files\apache-maven-3.8.6\bin;C:\Program Files\Git\cmd;C:\Program Files\Java\jdk-17.0.5\bin;C:\ITI\jaxb-ri\bin;;C:\Program Files\Docker\Docker\resources\bin;C:\Program Files\nodejs\;C:\Program Files\MySQL\MySQL Shell 8.0\bin\;C:\Program Files\Java\jdk-17.0.5\bin;C:\Users\Sara Adel\AppData\Local\Programs\Microsoft VS Code\bin;C:\Program Files\JetBrains\IntelliJ IDEA Community Edition 2022.3.1\bin;C:\Users\Sara Adel\AppData\Local\GitHubDesktop\bin;C:\Program Files\JetBrains\IntelliJ IDEA 2023.1.1\bin;C:\Program Files\JetBrains\IntelliJ IDEA Community Edition 2023.1\bin;C:\Users\Sara Adel\AppData\Roaming\npm;."/>
    <property name="java.vm.info" value="mixed mode, sharing"/>
    <property name="java.vendor" value="Oracle Corporation"/>
    <property name="java.vm.version" value="17.0.5+9-LTS-191"/>
    <property name="sun.io.unicode.encoding" value="UnicodeLittle"/>
    <property name="java.class.version" value="61.0"/>
  </properties>
  <testcase name="shouldAnswerWithTrue" classname="gov.iti.jets.AppTest" time="0.002"/>
</testsuite>